# JRE version: OpenJDK Runtime Environment (21.0.2+13) (build 21.0.2+13-58)
# Java VM: OpenJDK 64-Bit Server VM (21.0.2+13-58, mixed mode, sharing, tiered, compressed oops, compressed class ptrs, g1 gc, windows-amd64)
GC Precious Log:
 CardTable entry size: 512
 Card Set container configuration: InlinePtr #cards 5 size 8 Array Of Cards #cards 12 size 40 Howl #buckets 4 coarsen threshold 1843 Howl Bitmap #cards 512 size 80 coarsen threshold 460 Card regions per heap region 1 cards per card region 2048
 CPUs: 8 total, 8 available
 Memory: 7502M
 Large Page Support: Disabled
 NUMA Support: Disabled
 Compressed Oops: Enabled (32-bit)
 Heap Region Size: 1M
 Heap Min Capacity: 8M
 Heap Initial Capacity: 118M
 Heap Max Capacity: 1876M
 Pre-touch: Disabled
 Parallel Workers: 8
 Concurrent Workers: 2
 Concurrent Refinement Workers: 8
 Periodic GC: Disabled
Heap:
 garbage-first heap   total 55296K, used 25845K [0x000000008ac00000, 0x0000000100000000)
  region size 1024K, 5 young (5120K), 4 survivors (4096K)
 Metaspace       used 58014K, committed 58688K, reserved 1114112K
  class space    used 7799K, committed 8128K, reserved 1048576K
GC Heap History (20 events):
Event: 1.125 GC heap before
{Heap before GC invocations=0 (full 0):
 garbage-first heap   total 120832K, used 24576K [0x000000008ac00000, 0x0000000100000000)
  region size 1024K, 23 young (23552K), 0 survivors (0K)
 Metaspace       used 5121K, committed 5376K, reserved 1114112K
  class space    used 568K, committed 704K, reserved 1048576K
}
Event: 1.130 GC heap after
{Heap after GC invocations=1 (full 0):
 garbage-first heap   total 120832K, used 7338K [0x000000008ac00000, 0x0000000100000000)
  region size 1024K, 3 young (3072K), 3 survivors (3072K)
 Metaspace       used 5121K, committed 5376K, reserved 1114112K
  class space    used 568K, committed 704K, reserved 1048576K
}
Event: 1.943 GC heap before
{Heap before GC invocations=1 (full 0):
 garbage-first heap   total 120832K, used 36010K [0x000000008ac00000, 0x0000000100000000)
  region size 1024K, 32 young (32768K), 3 survivors (3072K)
 Metaspace       used 12830K, committed 13056K, reserved 1114112K
  class space    used 1492K, committed 1600K, reserved 1048576K
}
Event: 1.949 GC heap after
{Heap after GC invocations=2 (full 0):
 garbage-first heap   total 120832K, used 10203K [0x000000008ac00000, 0x0000000100000000)
  region size 1024K, 3 young (3072K), 3 survivors (3072K)
 Metaspace       used 12830K, committed 13056K, reserved 1114112K
  class space    used 1492K, committed 1600K, reserved 1048576K
}
Event: 3.287 GC heap before
{Heap before GC invocations=2 (full 0):
 garbage-first heap   total 120832K, used 62427K [0x000000008ac00000, 0x0000000100000000)
  region size 1024K, 55 young (56320K), 3 survivors (3072K)
 Metaspace       used 21244K, committed 21504K, reserved 1114112K
  class space    used 2550K, committed 2688K, reserved 1048576K
}
Event: 3.293 GC heap after
{Heap after GC invocations=3 (full 0):
 garbage-first heap   total 120832K, used 14126K [0x000000008ac00000, 0x0000000100000000)
  region size 1024K, 7 young (7168K), 7 survivors (7168K)
 Metaspace       used 21244K, committed 21504K, reserved 1114112K
  class space    used 2550K, committed 2688K, reserved 1048576K
}
Event: 4.120 GC heap before
{Heap before GC invocations=4 (full 0):
 garbage-first heap   total 55296K, used 39726K [0x000000008ac00000, 0x0000000100000000)
  region size 1024K, 32 young (32768K), 7 survivors (7168K)
 Metaspace       used 25321K, committed 25728K, reserved 1114112K
  class space    used 3148K, committed 3328K, reserved 1048576K
}
Event: 4.127 GC heap after
{Heap after GC invocations=5 (full 0):
 garbage-first heap   total 55296K, used 16593K [0x000000008ac00000, 0x0000000100000000)
  region size 1024K, 3 young (3072K), 3 survivors (3072K)
 Metaspace       used 25321K, committed 25728K, reserved 1114112K
  class space    used 3148K, committed 3328K, reserved 1048576K
}
Event: 4.717 GC heap before
{Heap before GC invocations=5 (full 0):
 garbage-first heap   total 55296K, used 40145K [0x000000008ac00000, 0x0000000100000000)
  region size 1024K, 27 young (27648K), 3 survivors (3072K)
 Metaspace       used 29299K, committed 29824K, reserved 1114112K
  class space    used 3670K, committed 3904K, reserved 1048576K
}
Event: 4.720 GC heap after
{Heap after GC invocations=6 (full 0):
 garbage-first heap   total 55296K, used 18821K [0x000000008ac00000, 0x0000000100000000)
  region size 1024K, 3 young (3072K), 3 survivors (3072K)
 Metaspace       used 29299K, committed 29824K, reserved 1114112K
  class space    used 3670K, committed 3904K, reserved 1048576K
}
Event: 5.435 GC heap before
{Heap before GC invocations=6 (full 0):
 garbage-first heap   total 55296K, used 43397K [0x000000008ac00000, 0x0000000100000000)
  region size 1024K, 27 young (27648K), 3 survivors (3072K)
 Metaspace       used 34110K, committed 34688K, reserved 1114112K
  class space    used 4364K, committed 4608K, reserved 1048576K
}
Event: 5.439 GC heap after
{Heap after GC invocations=7 (full 0):
 garbage-first heap   total 55296K, used 19905K [0x000000008ac00000, 0x0000000100000000)
  region size 1024K, 4 young (4096K), 4 survivors (4096K)
 Metaspace       used 34110K, committed 34688K, reserved 1114112K
  class space    used 4364K, committed 4608K, reserved 1048576K
}
Event: 5.614 GC heap before
{Heap before GC invocations=7 (full 0):
 garbage-first heap   total 55296K, used 26049K [0x000000008ac00000, 0x0000000100000000)
  region size 1024K, 11 young (11264K), 4 survivors (4096K)
 Metaspace       used 35602K, committed 36096K, reserved 1114112K
  class space    used 4635K, committed 4864K, reserved 1048576K
}
Event: 5.616 GC heap after
{Heap after GC invocations=8 (full 0):
 garbage-first heap   total 55296K, used 20290K [0x000000008ac00000, 0x0000000100000000)
  region size 1024K, 2 young (2048K), 2 survivors (2048K)
 Metaspace       used 35602K, committed 36096K, reserved 1114112K
  class space    used 4635K, committed 4864K, reserved 1048576K
}
Event: 6.575 GC heap before
{Heap before GC invocations=9 (full 0):
 garbage-first heap   total 55296K, used 45890K [0x000000008ac00000, 0x0000000100000000)
  region size 1024K, 28 young (28672K), 2 survivors (2048K)
 Metaspace       used 42598K, committed 43136K, reserved 1114112K
  class space    used 5589K, committed 5824K, reserved 1048576K
}
Event: 6.578 GC heap after
{Heap after GC invocations=10 (full 0):
 garbage-first heap   total 55296K, used 22050K [0x000000008ac00000, 0x0000000100000000)
  region size 1024K, 4 young (4096K), 4 survivors (4096K)
 Metaspace       used 42598K, committed 43136K, reserved 1114112K
  class space    used 5589K, committed 5824K, reserved 1048576K
}
Event: 7.177 GC heap before
{Heap before GC invocations=10 (full 0):
 garbage-first heap   total 55296K, used 44578K [0x000000008ac00000, 0x0000000100000000)
  region size 1024K, 27 young (27648K), 4 survivors (4096K)
 Metaspace       used 48980K, committed 49536K, reserved 1114112K
  class space    used 6463K, committed 6720K, reserved 1048576K
}
Event: 7.181 GC heap after
{Heap after GC invocations=11 (full 0):
 garbage-first heap   total 55296K, used 22973K [0x000000008ac00000, 0x0000000100000000)
  region size 1024K, 4 young (4096K), 4 survivors (4096K)
 Metaspace       used 48980K, committed 49536K, reserved 1114112K
  class space    used 6463K, committed 6720K, reserved 1048576K
}
Event: 7.657 GC heap before
{Heap before GC invocations=11 (full 0):
 garbage-first heap   total 55296K, used 45501K [0x000000008ac00000, 0x0000000100000000)
  region size 1024K, 27 young (27648K), 4 survivors (4096K)
 Metaspace       used 53183K, committed 53824K, reserved 1114112K
  class space    used 7151K, committed 7424K, reserved 1048576K
}
Event: 7.660 GC heap after
{Heap after GC invocations=12 (full 0):
 garbage-first heap   total 55296K, used 23867K [0x000000008ac00000, 0x0000000100000000)
  region size 1024K, 3 young (3072K), 3 survivors (3072K)
 Metaspace       used 53183K, committed 53824K, reserved 1114112K
  class space    used 7151K, committed 7424K, reserved 1048576K
}

