# JRE version: OpenJDK Runtime Environment (21.0.2+13) (build 21.0.2+13-58)
# Java VM: OpenJDK 64-Bit Server VM (21.0.2+13-58, mixed mode, sharing, tiered, compressed oops, compressed class ptrs, g1 gc, windows-amd64)
GC Precious Log:
 CardTable entry size: 512
 Card Set container configuration: InlinePtr #cards 5 size 8 Array Of Cards #cards 12 size 40 Howl #buckets 4 coarsen threshold 1843 Howl Bitmap #cards 512 size 80 coarsen threshold 460 Card regions per heap region 1 cards per card region 2048
 CPUs: 8 total, 8 available
 Memory: 7502M
 Large Page Support: Disabled
 NUMA Support: Disabled
 Compressed Oops: Enabled (32-bit)
 Heap Region Size: 1M
 Heap Min Capacity: 8M
 Heap Initial Capacity: 118M
 Heap Max Capacity: 1876M
 Pre-touch: Disabled
 Parallel Workers: 8
 Concurrent Workers: 2
 Concurrent Refinement Workers: 8
 Periodic GC: Disabled
Heap:
 garbage-first heap   total 97280K, used 51615K [0x000000008ac00000, 0x0000000100000000)
  region size 1024K, 9 young (9216K), 2 survivors (2048K)
 Metaspace       used 30765K, committed 31232K, reserved 1114112K
  class space    used 3437K, committed 3648K, reserved 1048576K
GC Heap History (16 events):
Event: 1.413 GC heap before
{Heap before GC invocations=0 (full 0):
 garbage-first heap   total 120832K, used 22528K [0x000000008ac00000, 0x0000000100000000)
  region size 1024K, 23 young (23552K), 0 survivors (0K)
 Metaspace       used 6408K, committed 6592K, reserved 1114112K
  class space    used 716K, committed 832K, reserved 1048576K
}
Event: 1.426 GC heap after
{Heap after GC invocations=1 (full 0):
 garbage-first heap   total 120832K, used 4416K [0x000000008ac00000, 0x0000000100000000)
  region size 1024K, 3 young (3072K), 3 survivors (3072K)
 Metaspace       used 6408K, committed 6592K, reserved 1114112K
  class space    used 716K, committed 832K, reserved 1048576K
}
Event: 2.481 GC heap before
{Heap before GC invocations=1 (full 0):
 garbage-first heap   total 120832K, used 33088K [0x000000008ac00000, 0x0000000100000000)
  region size 1024K, 31 young (31744K), 3 survivors (3072K)
 Metaspace       used 10119K, committed 10304K, reserved 1114112K
  class space    used 1174K, committed 1280K, reserved 1048576K
}
Event: 2.491 GC heap after
{Heap after GC invocations=2 (full 0):
 garbage-first heap   total 120832K, used 6226K [0x000000008ac00000, 0x0000000100000000)
  region size 1024K, 2 young (2048K), 2 survivors (2048K)
 Metaspace       used 10119K, committed 10304K, reserved 1114112K
  class space    used 1174K, committed 1280K, reserved 1048576K
}
Event: 4.917 GC heap before
{Heap before GC invocations=2 (full 0):
 garbage-first heap   total 120832K, used 75858K [0x000000008ac00000, 0x0000000100000000)
  region size 1024K, 70 young (71680K), 2 survivors (2048K)
 Metaspace       used 16663K, committed 16960K, reserved 1114112K
  class space    used 1910K, committed 2048K, reserved 1048576K
}
Event: 4.941 GC heap after
{Heap after GC invocations=3 (full 0):
 garbage-first heap   total 120832K, used 14561K [0x000000008ac00000, 0x0000000100000000)
  region size 1024K, 9 young (9216K), 9 survivors (9216K)
 Metaspace       used 16663K, committed 16960K, reserved 1114112K
  class space    used 1910K, committed 2048K, reserved 1048576K
}
Event: 6.884 GC heap before
{Heap before GC invocations=3 (full 0):
 garbage-first heap   total 120832K, used 77025K [0x000000008ac00000, 0x0000000100000000)
  region size 1024K, 70 young (71680K), 9 survivors (9216K)
 Metaspace       used 20198K, committed 20480K, reserved 1114112K
  class space    used 2243K, committed 2368K, reserved 1048576K
}
Event: 6.909 GC heap after
{Heap after GC invocations=4 (full 0):
 garbage-first heap   total 120832K, used 18432K [0x000000008ac00000, 0x0000000100000000)
  region size 1024K, 4 young (4096K), 4 survivors (4096K)
 Metaspace       used 20198K, committed 20480K, reserved 1114112K
  class space    used 2243K, committed 2368K, reserved 1048576K
}
Event: 7.336 GC heap before
{Heap before GC invocations=4 (full 0):
 garbage-first heap   total 120832K, used 38912K [0x000000008ac00000, 0x0000000100000000)
  region size 1024K, 20 young (20480K), 4 survivors (4096K)
 Metaspace       used 21218K, committed 21504K, reserved 1114112K
  class space    used 2364K, committed 2496K, reserved 1048576K
}
Event: 7.350 GC heap after
{Heap after GC invocations=5 (full 0):
 garbage-first heap   total 120832K, used 26112K [0x000000008ac00000, 0x0000000100000000)
  region size 1024K, 8 young (8192K), 8 survivors (8192K)
 Metaspace       used 21218K, committed 21504K, reserved 1114112K
  class space    used 2364K, committed 2496K, reserved 1048576K
}
Event: 8.703 GC heap before
{Heap before GC invocations=6 (full 0):
 garbage-first heap   total 92160K, used 75264K [0x000000008ac00000, 0x0000000100000000)
  region size 1024K, 54 young (55296K), 8 survivors (8192K)
 Metaspace       used 27468K, committed 27840K, reserved 1114112K
  class space    used 3083K, committed 3264K, reserved 1048576K
}
Event: 8.738 GC heap after
{Heap after GC invocations=7 (full 0):
 garbage-first heap   total 97280K, used 39936K [0x000000008ac00000, 0x0000000100000000)
  region size 1024K, 7 young (7168K), 7 survivors (7168K)
 Metaspace       used 27468K, committed 27840K, reserved 1114112K
  class space    used 3083K, committed 3264K, reserved 1048576K
}
Event: 9.882 GC heap before
{Heap before GC invocations=7 (full 0):
 garbage-first heap   total 97280K, used 76800K [0x000000008ac00000, 0x0000000100000000)
  region size 1024K, 44 young (45056K), 7 survivors (7168K)
 Metaspace       used 29074K, committed 29440K, reserved 1114112K
  class space    used 3235K, committed 3392K, reserved 1048576K
}
Event: 9.902 GC heap after
{Heap after GC invocations=8 (full 0):
 garbage-first heap   total 97280K, used 43520K [0x000000008ac00000, 0x0000000100000000)
  region size 1024K, 4 young (4096K), 4 survivors (4096K)
 Metaspace       used 29074K, committed 29440K, reserved 1114112K
  class space    used 3235K, committed 3392K, reserved 1048576K
}
Event: 10.805 GC heap before
{Heap before GC invocations=8 (full 0):
 garbage-first heap   total 97280K, used 79360K [0x000000008ac00000, 0x0000000100000000)
  region size 1024K, 39 young (39936K), 4 survivors (4096K)
 Metaspace       used 30491K, committed 30976K, reserved 1114112K
  class space    used 3398K, committed 3648K, reserved 1048576K
}
Event: 10.817 GC heap after
{Heap after GC invocations=9 (full 0):
 garbage-first heap   total 97280K, used 45471K [0x000000008ac00000, 0x0000000100000000)
  region size 1024K, 2 young (2048K), 2 survivors (2048K)
 Metaspace       used 30491K, committed 30976K, reserved 1114112K
  class space    used 3398K, committed 3648K, reserved 1048576K
}

