# JRE version: OpenJDK Runtime Environment (21.0.2+13) (build 21.0.2+13-58)
# Java VM: OpenJDK 64-Bit Server VM (21.0.2+13-58, mixed mode, sharing, tiered, compressed oops, compressed class ptrs, g1 gc, windows-amd64)
GC Precious Log:
 CardTable entry size: 512
 Card Set container configuration: InlinePtr #cards 5 size 8 Array Of Cards #cards 12 size 40 Howl #buckets 4 coarsen threshold 1843 Howl Bitmap #cards 512 size 80 coarsen threshold 460 Card regions per heap region 1 cards per card region 2048
 CPUs: 8 total, 8 available
 Memory: 7502M
 Large Page Support: Disabled
 NUMA Support: Disabled
 Compressed Oops: Enabled (32-bit)
 Heap Region Size: 1M
 Heap Min Capacity: 8M
 Heap Initial Capacity: 118M
 Heap Max Capacity: 1876M
 Pre-touch: Disabled
 Parallel Workers: 8
 Concurrent Workers: 2
 Concurrent Refinement Workers: 8
 Periodic GC: Disabled
Heap:
 garbage-first heap   total 97280K, used 73069K [0x000000008ac00000, 0x0000000100000000)
  region size 1024K, 31 young (31744K), 2 survivors (2048K)
 Metaspace       used 33439K, committed 33920K, reserved 1114112K
  class space    used 3756K, committed 3968K, reserved 1048576K
GC Heap History (16 events):
Event: 1.631 GC heap before
{Heap before GC invocations=0 (full 0):
 garbage-first heap   total 120832K, used 22528K [0x000000008ac00000, 0x0000000100000000)
  region size 1024K, 23 young (23552K), 0 survivors (0K)
 Metaspace       used 6397K, committed 6592K, reserved 1114112K
  class space    used 717K, committed 832K, reserved 1048576K
}
Event: 1.642 GC heap after
{Heap after GC invocations=1 (full 0):
 garbage-first heap   total 120832K, used 4424K [0x000000008ac00000, 0x0000000100000000)
  region size 1024K, 3 young (3072K), 3 survivors (3072K)
 Metaspace       used 6397K, committed 6592K, reserved 1114112K
  class space    used 717K, committed 832K, reserved 1048576K
}
Event: 2.693 GC heap before
{Heap before GC invocations=1 (full 0):
 garbage-first heap   total 120832K, used 33096K [0x000000008ac00000, 0x0000000100000000)
  region size 1024K, 31 young (31744K), 3 survivors (3072K)
 Metaspace       used 10104K, committed 10304K, reserved 1114112K
  class space    used 1174K, committed 1280K, reserved 1048576K
}
Event: 2.703 GC heap after
{Heap after GC invocations=2 (full 0):
 garbage-first heap   total 120832K, used 6315K [0x000000008ac00000, 0x0000000100000000)
  region size 1024K, 2 young (2048K), 2 survivors (2048K)
 Metaspace       used 10104K, committed 10304K, reserved 1114112K
  class space    used 1174K, committed 1280K, reserved 1048576K
}
Event: 8.793 GC heap before
{Heap before GC invocations=2 (full 0):
 garbage-first heap   total 120832K, used 75947K [0x000000008ac00000, 0x0000000100000000)
  region size 1024K, 70 young (71680K), 2 survivors (2048K)
 Metaspace       used 16656K, committed 16896K, reserved 1114112K
  class space    used 1911K, committed 2048K, reserved 1048576K
}
Event: 8.818 GC heap after
{Heap after GC invocations=3 (full 0):
 garbage-first heap   total 120832K, used 14336K [0x000000008ac00000, 0x0000000100000000)
  region size 1024K, 9 young (9216K), 9 survivors (9216K)
 Metaspace       used 16656K, committed 16896K, reserved 1114112K
  class space    used 1911K, committed 2048K, reserved 1048576K
}
Event: 15.436 GC heap before
{Heap before GC invocations=3 (full 0):
 garbage-first heap   total 120832K, used 76800K [0x000000008ac00000, 0x0000000100000000)
  region size 1024K, 70 young (71680K), 9 survivors (9216K)
 Metaspace       used 19728K, committed 20096K, reserved 1114112K
  class space    used 2188K, committed 2368K, reserved 1048576K
}
Event: 15.460 GC heap after
{Heap after GC invocations=4 (full 0):
 garbage-first heap   total 120832K, used 18611K [0x000000008ac00000, 0x0000000100000000)
  region size 1024K, 5 young (5120K), 5 survivors (5120K)
 Metaspace       used 19728K, committed 20096K, reserved 1114112K
  class space    used 2188K, committed 2368K, reserved 1048576K
}
Event: 15.902 GC heap before
{Heap before GC invocations=4 (full 0):
 garbage-first heap   total 120832K, used 39091K [0x000000008ac00000, 0x0000000100000000)
  region size 1024K, 21 young (21504K), 5 survivors (5120K)
 Metaspace       used 21194K, committed 21504K, reserved 1114112K
  class space    used 2362K, committed 2496K, reserved 1048576K
}
Event: 15.915 GC heap after
{Heap after GC invocations=5 (full 0):
 garbage-first heap   total 120832K, used 25779K [0x000000008ac00000, 0x0000000100000000)
  region size 1024K, 8 young (8192K), 8 survivors (8192K)
 Metaspace       used 21194K, committed 21504K, reserved 1114112K
  class space    used 2362K, committed 2496K, reserved 1048576K
}
Event: 17.285 GC heap before
{Heap before GC invocations=6 (full 0):
 garbage-first heap   total 92160K, used 74931K [0x000000008ac00000, 0x0000000100000000)
  region size 1024K, 54 young (55296K), 8 survivors (8192K)
 Metaspace       used 27486K, committed 27904K, reserved 1114112K
  class space    used 3084K, committed 3264K, reserved 1048576K
}
Event: 17.328 GC heap after
{Heap after GC invocations=7 (full 0):
 garbage-first heap   total 97280K, used 39603K [0x000000008ac00000, 0x0000000100000000)
  region size 1024K, 7 young (7168K), 7 survivors (7168K)
 Metaspace       used 27486K, committed 27904K, reserved 1114112K
  class space    used 3084K, committed 3264K, reserved 1048576K
}
Event: 18.547 GC heap before
{Heap before GC invocations=7 (full 0):
 garbage-first heap   total 97280K, used 76467K [0x000000008ac00000, 0x0000000100000000)
  region size 1024K, 44 young (45056K), 7 survivors (7168K)
 Metaspace       used 29143K, committed 29504K, reserved 1114112K
  class space    used 3253K, committed 3456K, reserved 1048576K
}
Event: 18.563 GC heap after
{Heap after GC invocations=8 (full 0):
 garbage-first heap   total 97280K, used 43008K [0x000000008ac00000, 0x0000000100000000)
  region size 1024K, 3 young (3072K), 3 survivors (3072K)
 Metaspace       used 29143K, committed 29504K, reserved 1114112K
  class space    used 3253K, committed 3456K, reserved 1048576K
}
Event: 19.458 GC heap before
{Heap before GC invocations=8 (full 0):
 garbage-first heap   total 97280K, used 79872K [0x000000008ac00000, 0x0000000100000000)
  region size 1024K, 39 young (39936K), 3 survivors (3072K)
 Metaspace       used 30510K, committed 30976K, reserved 1114112K
  class space    used 3396K, committed 3584K, reserved 1048576K
}
Event: 19.470 GC heap after
{Heap after GC invocations=9 (full 0):
 garbage-first heap   total 97280K, used 44397K [0x000000008ac00000, 0x0000000100000000)
  region size 1024K, 2 young (2048K), 2 survivors (2048K)
 Metaspace       used 30510K, committed 30976K, reserved 1114112K
  class space    used 3396K, committed 3584K, reserved 1048576K
}

